State 8 conflicts: 2 shift/reduce
State 9 conflicts: 2 shift/reduce


Grammar

    0 $accept: start $end

    1 start: start E '\n'
    2      | %empty

    3 E: OCTN
    4  | E '+' E
    5  | E '-' E


Terminals, with rules where they appear

    $end (0) 0
    '\n' (10) 1
    '+' (43) 4
    '-' (45) 5
    error (256)
    OCTN (258) 3


Nonterminals, with rules where they appear

    $accept (7)
        on left: 0
    start (8)
        on left: 1 2
        on right: 0 1
    E (9)
        on left: 3 4 5
        on right: 1 4 5


State 0

    0 $accept: . start $end

    $default  reduce using rule 2 (start)

    start  go to state 1


State 1

    0 $accept: start . $end
    1 start: start . E '\n'

    $end  shift, and go to state 2
    OCTN  shift, and go to state 3

    E  go to state 4


State 2

    0 $accept: start $end .

    $default  accept


State 3

    3 E: OCTN .

    $default  reduce using rule 3 (E)


State 4

    1 start: start E . '\n'
    4 E: E . '+' E
    5  | E . '-' E

    '\n'  shift, and go to state 5
    '+'   shift, and go to state 6
    '-'   shift, and go to state 7


State 5

    1 start: start E '\n' .

    $default  reduce using rule 1 (start)


State 6

    4 E: E '+' . E

    OCTN  shift, and go to state 3

    E  go to state 8


State 7

    5 E: E '-' . E

    OCTN  shift, and go to state 3

    E  go to state 9


State 8

    4 E: E . '+' E
    4  | E '+' E .
    5  | E . '-' E

    '+'  shift, and go to state 6
    '-'  shift, and go to state 7

    '+'       [reduce using rule 4 (E)]
    '-'       [reduce using rule 4 (E)]
    $default  reduce using rule 4 (E)


State 9

    4 E: E . '+' E
    5  | E . '-' E
    5  | E '-' E .

    '+'  shift, and go to state 6
    '-'  shift, and go to state 7

    '+'       [reduce using rule 5 (E)]
    '-'       [reduce using rule 5 (E)]
    $default  reduce using rule 5 (E)
